<?xml version="1.0" encoding="UTF-8"?>
<!-- Generated by org.testng.reporters.JUnitReportReporter -->
<testsuite skipped="0" hostname="LACRB41ZWL" name="MagentoTest" tests="1" failures="0" timestamp="03 Feb 2019 06:23:56 GMT" time="60.045" errors="0">
  <testcase name="test" time="60.045" classname="MagentoTest"/>
</testsuite> <!-- MagentoTest -->
